<?xml version="1.0" encoding="UTF-8"?>
<testsuite name="JUnit Jupiter" tests="18" skipped="0" failures="0" errors="0" time="42.796" hostname="kirill-pael-supa" timestamp="2025-04-28T21:04:15">
<properties>
<property name="file.encoding" value="UTF-8"/>
<property name="file.separator" value="\"/>
<property name="java.class.path" value="E:\OPILab3\build\classes\java\main\funcTests;C:\Users\user\.gradle\caches\modules-2\files-2.1\org.junit.platform\junit-platform-engine\1.11.0-M2\cdbbfe82add4e4366bea08cb3bf43ff98c923fc0\junit-platform-engine-1.11.0-M2.jar;C:\Users\user\.gradle\caches\modules-2\files-2.1\org.junit.jupiter\junit-jupiter-api\5.11.0-M2\ad3a5748e1e7f3acb298deb8e88e9cd73d5d17a5\junit-jupiter-api-5.11.0-M2.jar;C:\Users\user\.gradle\caches\modules-2\files-2.1\org.junit.platform\junit-platform-commons\1.11.0-M2\d694e33c6440a78c7248d539970dad9679338ac0\junit-platform-commons-1.11.0-M2.jar;C:\Users\user\.gradle\caches\modules-2\files-2.1\org.junit.jupiter\junit-jupiter-engine\5.11.0-M2\b25c169f7e8831dea5d5bf09eaadf137202b1a67\junit-jupiter-engine-5.11.0-M2.jar;C:\Users\user\.gradle\caches\modules-2\files-2.1\org.opentest4j\opentest4j\1.3.0\152ea56b3a72f655d4fd677fc0ef2596c3dd5e6e\opentest4j-1.3.0.jar;C:\Users\user\.gradle\caches\modules-2\files-2.1\org.hibernate.orm\hibernate-core\7.0.0.Alpha3\a1dc36eb3ede765680b51640011f75a6e647204e\hibernate-core-7.0.0.Alpha3.jar;C:\Users\user\.gradle\caches\modules-2\files-2.1\org.glassfish.jaxb\jaxb-runtime\4.0.2\e4e4e0c5b0d42054d00dc4023901572a60d368c7\jaxb-runtime-4.0.2.jar;C:\Users\user\.gradle\caches\modules-2\files-2.1\javax.xml.bind\jaxb-api\2.3.1\8531ad5ac454cc2deb9d4d32c40c4d7451939b5d\jaxb-api-2.3.1.jar;C:\Users\user\.gradle\caches\modules-2\files-2.1\org.glassfish.jersey.containers\jersey-container-servlet\3.0.0\b95e91a17856b4e97e2093f02a0fbcbd8a76c084\jersey-container-servlet-3.0.0.jar;C:\Users\user\.gradle\caches\modules-2\files-2.1\org.glassfish.jersey.media\jersey-media-json-binding\3.0.0\fd2510cb9dd3e22c15329d47ab8ff42baf7ba2b5\jersey-media-json-binding-3.0.0.jar;C:\Users\user\.gradle\caches\modules-2\files-2.1\org.glassfish.jersey.inject\jersey-hk2\3.0.0\25e8f2651ac7307081d32e369f14fb345f3b1efa\jersey-hk2-3.0.0.jar;C:\Users\user\.gradle\caches\modules-2\files-2.1\org.mindrot\jbcrypt\0.4\af7e61017f73abb18ac4e036954f9f28c6366c07\jbcrypt-0.4.jar;C:\Users\user\.gradle\caches\modules-2\files-2.1\io.jsonwebtoken\jjwt\0.9.1\54d2abfc3e63a28824d35bf600d6a5d627da681a\jjwt-0.9.1.jar;C:\Users\user\.gradle\caches\modules-2\files-2.1\xerces\xercesImpl\2.12.2\f051f988aa2c9b4d25d05f95742ab0cc3ed789e2\xercesImpl-2.12.2.jar;C:\Users\user\.gradle\caches\modules-2\files-2.1\xml-apis\xml-apis\1.4.01\3789d9fada2d3d458c4ba2de349d48780f381ee3\xml-apis-1.4.01.jar;C:\Users\user\.gradle\caches\modules-2\files-2.1\org.junit.platform\junit-platform-console\1.11.0-M2\73d556a67fbd6fab061707e62d6aee3f76afa8a7\junit-platform-console-1.11.0-M2.jar;C:\Users\user\.gradle\caches\modules-2\files-2.1\org.junit.platform\junit-platform-reporting\1.11.0-M2\f173688a90222c04a8957b332517ec2108637d65\junit-platform-reporting-1.11.0-M2.jar;C:\Users\user\.gradle\caches\modules-2\files-2.1\org.junit.platform\junit-platform-launcher\1.11.0-M2\76e02477cb84c33fc02c7387fec3ccfb1605aba\junit-platform-launcher-1.11.0-M2.jar;C:\Users\user\.gradle\caches\modules-2\files-2.1\org.apiguardian\apiguardian-api\1.1.2\a231e0d844d2721b0fa1b238006d15c6ded6842a\apiguardian-api-1.1.2.jar;C:\Users\user\.gradle\caches\modules-2\files-2.1\org.seleniumhq.selenium\selenium-java\4.31.0\2cc38c8dbef9d6e8774f05c2d2e8088180858ed4\selenium-java-4.31.0.jar;C:\Users\user\.gradle\caches\modules-2\files-2.1\org.glassfish.jersey.containers\jersey-container-servlet-core\3.0.0\2827797abfed8e44534211ffa982c6f9a7b01ffd\jersey-container-servlet-core-3.0.0.jar;C:\Users\user\.gradle\caches\modules-2\files-2.1\org.glassfish.jersey.core\jersey-server\3.0.0\8e1818521171e44969ee0bcfea53d6f1fb3a073f\jersey-server-3.0.0.jar;C:\Users\user\.gradle\caches\modules-2\files-2.1\org.glassfish.jersey.core\jersey-client\3.0.0\1c8921e4f845167c4625cf744e1b9331ab77e6c0\jersey-client-3.0.0.jar;C:\Users\user\.gradle\caches\modules-2\files-2.1\org.glassfish.jersey.media\jersey-media-jaxb\3.0.0\e886b8d81f32042fe6771ace58f2397738579652\jersey-media-jaxb-3.0.0.jar;C:\Users\user\.gradle\caches\modules-2\files-2.1\org.glassfish.jersey.core\jersey-common\3.0.0\2526f2ce3650f36ca3af95edff3f8ec4ede87271\jersey-common-3.0.0.jar;C:\Users\user\.gradle\caches\modules-2\files-2.1\com.sun.activation\jakarta.activation\2.0.0\f4e7519148dee347c7666f336210deedb8aca09d\jakarta.activation-2.0.0.jar;C:\Users\user\.gradle\caches\modules-2\files-2.1\org.glassfish.jaxb\jaxb-core\4.0.2\8c29249f6c10f4ee08967783831580b0f5c5360\jaxb-core-4.0.2.jar;C:\Users\user\.gradle\caches\modules-2\files-2.1\javax.activation\javax.activation-api\1.2.0\85262acf3ca9816f9537ca47d5adeabaead7cb16\javax.activation-api-1.2.0.jar;C:\Users\user\.gradle\caches\modules-2\files-2.1\jakarta.ws.rs\jakarta.ws.rs-api\3.0.0\5eea182d6651a7257bc8c3614507e1540c766fc2\jakarta.ws.rs-api-3.0.0.jar;C:\Users\user\.gradle\caches\modules-2\files-2.1\jakarta.json\jakarta.json-api\2.0.0\8612c1355bb31b31f829c81917fe30dea06fc726\jakarta.json-api-2.0.0.jar;C:\Users\user\.gradle\caches\modules-2\files-2.1\jakarta.json.bind\jakarta.json.bind-api\2.0.0\25c23c19981bb61fbe3d4c5ffae2a8fa0327ed6e\jakarta.json.bind-api-2.0.0.jar;C:\Users\user\.gradle\caches\modules-2\files-2.1\org.eclipse\yasson\2.0.1\5900313b20bbe395a386369b05d847f1feb488e3\yasson-2.0.1.jar;C:\Users\user\.gradle\caches\modules-2\files-2.1\org.glassfish\jakarta.json\2.0.0\125d78b8067c0659dfc4ba4d34da086210739f74\jakarta.json-2.0.0-module.jar;C:\Users\user\.gradle\caches\modules-2\files-2.1\org.glassfish.hk2\hk2-locator\3.0.0-RC1\b8eeb91dbd1f528cc05f3bc34b499ad3a97746d0\hk2-locator-3.0.0-RC1.jar;C:\Users\user\.gradle\caches\modules-2\files-2.1\org.javassist\javassist\3.25.0-GA\442dc1f9fd520130bd18da938622f4f9b2e5fba3\javassist-3.25.0-GA.jar;C:\Users\user\.gradle\caches\modules-2\files-2.1\com.fasterxml.jackson.core\jackson-databind\2.9.6\cfa4f316351a91bfd95cb0644c6a2c95f52db1fc\jackson-databind-2.9.6.jar;C:\Users\user\.gradle\caches\modules-2\files-2.1\org.seleniumhq.selenium\selenium-chrome-driver\4.31.0\b88cebcf7333d13be0ac5d9ca140ff9fc99b1f8e\selenium-chrome-driver-4.31.0.jar;C:\Users\user\.gradle\caches\modules-2\files-2.1\org.seleniumhq.selenium\selenium-devtools-v133\4.31.0\8074d99433372b81d7ce78d69d61869c27802486\selenium-devtools-v133-4.31.0.jar;C:\Users\user\.gradle\caches\modules-2\files-2.1\org.seleniumhq.selenium\selenium-devtools-v134\4.31.0\5bf12714250d620bd4996ddea96b4d1a7dc5b4e6\selenium-devtools-v134-4.31.0.jar;C:\Users\user\.gradle\caches\modules-2\files-2.1\org.seleniumhq.selenium\selenium-devtools-v135\4.31.0\f602e693f5d6d8a963e8094d649596515a0c9010\selenium-devtools-v135-4.31.0.jar;C:\Users\user\.gradle\caches\modules-2\files-2.1\org.seleniumhq.selenium\selenium-edge-driver\4.31.0\a332f0a9452efe144ee8d79816f9e19fe39e58b4\selenium-edge-driver-4.31.0.jar;C:\Users\user\.gradle\caches\modules-2\files-2.1\org.seleniumhq.selenium\selenium-firefox-driver\4.31.0\66d359c532f7ca620e1755461076f53b234db441\selenium-firefox-driver-4.31.0.jar;C:\Users\user\.gradle\caches\modules-2\files-2.1\org.seleniumhq.selenium\selenium-ie-driver\4.31.0\6191ff21cdfe40cb0f465f47fa73a121bbef00de\selenium-ie-driver-4.31.0.jar;C:\Users\user\.gradle\caches\modules-2\files-2.1\org.seleniumhq.selenium\selenium-safari-driver\4.31.0\e2af27470b441fb8f46f3b0ef1608cf825b2c996\selenium-safari-driver-4.31.0.jar;C:\Users\user\.gradle\caches\modules-2\files-2.1\org.seleniumhq.selenium\selenium-support\4.31.0\d511920e6dee67c35870e4e35ca939da9e96e010\selenium-support-4.31.0.jar;C:\Users\user\.gradle\caches\modules-2\files-2.1\org.seleniumhq.selenium\selenium-chromium-driver\4.31.0\e792bead1460f1239bdf8ad319f8e3ca44fddf04\selenium-chromium-driver-4.31.0.jar;C:\Users\user\.gradle\caches\modules-2\files-2.1\org.seleniumhq.selenium\selenium-remote-driver\4.31.0\ff50df7aee3bf30af3659da3946275a68777725f\selenium-remote-driver-4.31.0.jar;C:\Users\user\.gradle\caches\modules-2\files-2.1\org.seleniumhq.selenium\selenium-manager\4.31.0\54968348b9a52daa380908a08e0d53962d8aefca\selenium-manager-4.31.0.jar;C:\Users\user\.gradle\caches\modules-2\files-2.1\org.seleniumhq.selenium\selenium-http\4.31.0\bfdb9d7a4a5686aef2ca1e1357437533c5305bf4\selenium-http-4.31.0.jar;C:\Users\user\.gradle\caches\modules-2\files-2.1\org.seleniumhq.selenium\selenium-json\4.31.0\29358392fe46e47a9b12411cb8ab4376af1d0f68\selenium-json-4.31.0.jar;C:\Users\user\.gradle\caches\modules-2\files-2.1\org.seleniumhq.selenium\selenium-os\4.31.0\2e7ab2c1b46c9002de68078fae3bbba8aeefb9e9\selenium-os-4.31.0.jar;C:\Users\user\.gradle\caches\modules-2\files-2.1\org.seleniumhq.selenium\selenium-api\4.31.0\4eedf1dd9fd7d8afd3f447f61d60dfeab8381e51\selenium-api-4.31.0.jar;C:\Users\user\.gradle\caches\modules-2\files-2.1\jakarta.persistence\jakarta.persistence-api\3.2.0-M2\593715ecd40fb2a1830a547556d1844f61c8cee1\jakarta.persistence-api-3.2.0-M2.jar;C:\Users\user\.gradle\caches\modules-2\files-2.1\jakarta.transaction\jakarta.transaction-api\2.0.1\51a520e3fae406abb84e2e1148e6746ce3f80a1a\jakarta.transaction-api-2.0.1.jar;C:\Users\user\.gradle\caches\modules-2\files-2.1\org.hibernate.models\hibernate-models\0.8.5\7ff8da2ad7e99c156c0b0f3b5afc0810c79667ec\hibernate-models-0.8.5.jar;C:\Users\user\.gradle\caches\modules-2\files-2.1\org.jboss.logging\jboss-logging\3.5.0.Final\c19307cc11f28f5e2679347e633a3294d865334d\jboss-logging-3.5.0.Final.jar;C:\Users\user\.gradle\caches\modules-2\files-2.1\io.smallrye\jandex\3.1.2\a6c1c89925c7df06242b03dddb353116ceb9584c\jandex-3.1.2.jar;C:\Users\user\.gradle\caches\modules-2\files-2.1\com.fasterxml\classmate\1.5.1\3fe0bed568c62df5e89f4f174c101eab25345b6c\classmate-1.5.1.jar;C:\Users\user\.gradle\caches\modules-2\files-2.1\net.bytebuddy\byte-buddy\1.17.5\88450f120903b7e72470462cdbd2b75a3842223c\byte-buddy-1.17.5.jar;C:\Users\user\.gradle\caches\modules-2\files-2.1\jakarta.xml.bind\jakarta.xml.bind-api\4.0.0\bbb399208d288b15ec101fa4fcfc4bd77cedc97a\jakarta.xml.bind-api-4.0.0.jar;C:\Users\user\.gradle\caches\modules-2\files-2.1\org.glassfish.hk2\hk2-api\3.0.0-RC1\eac705e1fa3dd9f7323b421c4030507ba861452\hk2-api-3.0.0-RC1.jar;C:\Users\user\.gradle\caches\modules-2\files-2.1\org.glassfish.hk2\hk2-utils\3.0.0-RC1\77338bd06032239da2b76ea633f8fe60c391b8e\hk2-utils-3.0.0-RC1.jar;C:\Users\user\.gradle\caches\modules-2\files-2.1\jakarta.inject\jakarta.inject-api\2.0.1\4c28afe1991a941d7702fe1362c365f0a8641d1e\jakarta.inject-api-2.0.1.jar;C:\Users\user\.gradle\caches\modules-2\files-2.1\org.antlr\antlr4-runtime\4.13.0\5a02e48521624faaf5ff4d99afc88b01686af655\antlr4-runtime-4.13.0.jar;C:\Users\user\.gradle\caches\modules-2\files-2.1\jakarta.annotation\jakarta.annotation-api\2.0.0\f3cd84cc45f583a0fdc42a8156d6c5b98d625c1a\jakarta.annotation-api-2.0.0.jar;C:\Users\user\.gradle\caches\modules-2\files-2.1\org.glassfish.hk2\osgi-resource-locator\1.0.3\de3b21279df7e755e38275137539be5e2c80dd58\osgi-resource-locator-1.0.3.jar;C:\Users\user\.gradle\caches\modules-2\files-2.1\jakarta.validation\jakarta.validation-api\3.0.0\8c8eecc40da64037d7731356511c568d466f8480\jakarta.validation-api-3.0.0.jar;C:\Users\user\.gradle\caches\modules-2\files-2.1\org.glassfish.hk2.external\aopalliance-repackaged\3.0.0-RC1\ec573dda8e99cee22c16e0a143c6d54ddd30142a\aopalliance-repackaged-3.0.0-RC1.jar;C:\Users\user\.gradle\caches\modules-2\files-2.1\com.fasterxml.jackson.core\jackson-annotations\2.9.0\7c10d545325e3a6e72e06381afe469fd40eb701\jackson-annotations-2.9.0.jar;C:\Users\user\.gradle\caches\modules-2\files-2.1\com.fasterxml.jackson.core\jackson-core\2.9.6\4e393793c37c77e042ccc7be5a914ae39251b365\jackson-core-2.9.6.jar;C:\Users\user\.gradle\caches\modules-2\files-2.1\com.google.guava\guava\33.4.6-jre\4437fb72c3cc5d29554b588d9a97bea12d6a42e1\guava-33.4.6-jre.jar;C:\Users\user\.gradle\caches\modules-2\files-2.1\org.jspecify\jspecify\1.0.0\7425a601c1c7ec76645a78d22b8c6a627edee507\jspecify-1.0.0.jar;C:\Users\user\.gradle\caches\modules-2\files-2.1\com.google.auto.service\auto-service-annotations\1.1.1\da12a15cd058ba90a0ff55357fb521161af4736d\auto-service-annotations-1.1.1.jar;C:\Users\user\.gradle\caches\modules-2\files-2.1\io.opentelemetry\opentelemetry-exporter-logging\1.48.0\40109359f1ab52c522273190b767d91151e5f4a1\opentelemetry-exporter-logging-1.48.0.jar;C:\Users\user\.gradle\caches\modules-2\files-2.1\io.opentelemetry\opentelemetry-sdk-extension-autoconfigure\1.48.0\3472f1a93b902c257d2fe347ec9d8c12cffc8318\opentelemetry-sdk-extension-autoconfigure-1.48.0.jar;C:\Users\user\.gradle\caches\modules-2\files-2.1\io.opentelemetry\opentelemetry-sdk-extension-autoconfigure-spi\1.48.0\1fb54285d2a46aa5e348e3ff7f2c7afbbbc52190\opentelemetry-sdk-extension-autoconfigure-spi-1.48.0.jar;C:\Users\user\.gradle\caches\modules-2\files-2.1\io.opentelemetry\opentelemetry-sdk\1.48.0\604cf24a771b247a755d075b6975ef1881b6d12e\opentelemetry-sdk-1.48.0.jar;C:\Users\user\.gradle\caches\modules-2\files-2.1\io.opentelemetry\opentelemetry-sdk-trace\1.48.0\e88429ab27db3fbb6ed579daf0ae5ceb98b70210\opentelemetry-sdk-trace-1.48.0.jar;C:\Users\user\.gradle\caches\modules-2\files-2.1\io.opentelemetry\opentelemetry-sdk-metrics\1.48.0\b65ddd2c3f7cd4a86a82df954aa9b977e1d3f5fe\opentelemetry-sdk-metrics-1.48.0.jar;C:\Users\user\.gradle\caches\modules-2\files-2.1\io.opentelemetry\opentelemetry-sdk-logs\1.48.0\b6eb957af452058da4fafc118ba4126a41678e52\opentelemetry-sdk-logs-1.48.0.jar;C:\Users\user\.gradle\caches\modules-2\files-2.1\io.opentelemetry\opentelemetry-sdk-common\1.48.0\bba82ce5fd67bf83b8ae91b647a31ce9bea8ca15\opentelemetry-sdk-common-1.48.0.jar;C:\Users\user\.gradle\caches\modules-2\files-2.1\io.opentelemetry\opentelemetry-api\1.48.0\c0bf9ca48b875780db7cd4607c7e22176702265e\opentelemetry-api-1.48.0.jar;C:\Users\user\.gradle\caches\modules-2\files-2.1\io.opentelemetry\opentelemetry-context\1.48.0\c9da9cfcaef4e1076e0cb6825a80966ee9dfc7e0\opentelemetry-context-1.48.0.jar;C:\Users\user\.gradle\caches\modules-2\files-2.1\org.eclipse.angus\angus-activation\2.0.0\72369f4e2314d38de2dcbb277141ef0226f73151\angus-activation-2.0.0.jar;C:\Users\user\.gradle\caches\modules-2\files-2.1\jakarta.activation\jakarta.activation-api\2.1.1\88c774ab863a21fb2fc4219af95379fafe499a31\jakarta.activation-api-2.1.1.jar;C:\Users\user\.gradle\caches\modules-2\files-2.1\com.google.guava\failureaccess\1.0.3\aeaffd00d57023a2c947393ed251f0354f0985fc\failureaccess-1.0.3.jar;C:\Users\user\.gradle\caches\modules-2\files-2.1\com.google.guava\listenablefuture\9999.0-empty-to-avoid-conflict-with-guava\b421526c5f297295adef1c886e5246c39d4ac629\listenablefuture-9999.0-empty-to-avoid-conflict-with-guava.jar;C:\Users\user\.gradle\caches\modules-2\files-2.1\com.google.errorprone\error_prone_annotations\2.36.0\227d4d4957ccc3dc5761bd897e3a0ee587e750a7\error_prone_annotations-2.36.0.jar;C:\Users\user\.gradle\caches\modules-2\files-2.1\com.google.j2objc\j2objc-annotations\3.0.0\7399e65dd7e9ff3404f4535b2f017093bdb134c7\j2objc-annotations-3.0.0.jar;C:\Users\user\.gradle\caches\modules-2\files-2.1\org.apache.commons\commons-exec\1.4.0\e9061b21958bfaf1cb736eb22e36cbf02d8fe9f\commons-exec-1.4.0.jar;C:\Users\user\.gradle\caches\modules-2\files-2.1\org.glassfish.jaxb\txw2\4.0.2\24e167be69c29ebb7ee0a3b1f9b546f1dfd111fc\txw2-4.0.2.jar;C:\Users\user\.gradle\caches\modules-2\files-2.1\com.sun.istack\istack-commons-runtime\4.1.1\9b3769c76235bc283b060da4fae2318c6d53f07e\istack-commons-runtime-4.1.1.jar"/>
<property name="java.class.version" value="61.0"/>
<property name="java.home" value="C:\Users\user\.jdks\graalvm-jdk-17.0.12"/>
<property name="java.io.tmpdir" value="C:\Users\user\AppData\Local\Temp\"/>
<property name="java.library.path" value="C:\Users\user\.jdks\graalvm-jdk-17.0.12\bin;C:\WINDOWS\Sun\Java\bin;C:\WINDOWS\system32;C:\WINDOWS;C:\Python313\Scripts\;C:\Python313\;C:\Program Files\Common Files\Oracle\Java\javapath;C:\Program Files (x86)\Common Files\Oracle\Java\java8path;C:\Program Files (x86)\Common Files\Oracle\Java\javapath;C:\WINDOWS\system32;C:\WINDOWS;C:\WINDOWS\System32\Wbem;C:\WINDOWS\System32\WindowsPowerShell\v1.0\;C:\WINDOWS\System32\OpenSSH\;C:\Program Files\Git\cmd;E:\PuTTY\;C:\Program Files\Docker\Docker\resources\bin;E:\nodeJS\;C:\ProgramData\chocolatey\bin;E:\Go\bin;C:\msys64\mingw64\bin;C:\Users\user\Downloads\wrench-Windows-X64;C:\Program Files\WireGuard\;C:\Gradle\gradle-8.8\bin;C:\Program Files\JetBrains\PyCharm Community Edition 2023.1.1\bin;C:\Users\user\AppData\Roaming\Microsoft\Windows\Start Menu\Programs\Python 3.10;C:\Users\user\AppData\Local\Microsoft\WindowsApps;C:\Users\user\AppData\Local\JetBrains\Toolbox\scripts;C:\Program Files\Java\jdk-17.0.2\bin;E:\msys2\ucrt64\bin;E:\WebStorm 2024.2.1\bin;;E:\GoLand 2024.2.1\bin;;E:\CLion 2024.2.1\bin;;E:\PyCharm 2024.2.1\bin;;E:\IntelliJ IDEA 2024.2.1\bin;;E:\Postgresql\bin;C:\Users\user\AppData\Local\Microsoft\WindowsApps;C:\Users\user\AppData\Roaming\npm;C:\Users\user\go\bin;C:\Program Files\LLVM\bin;C:\Users\user\AppData\Local\Microsoft\WinGet\Packages\miurahr.aqtinstall_Microsoft.Winget.Source_8wekyb3d8bbwe;;."/>
<property name="java.runtime.name" value="Java(TM) SE Runtime Environment"/>
<property name="java.runtime.version" value="17.0.12+8-LTS-jvmci-23.0-b41"/>
<property name="java.specification.name" value="Java Platform API Specification"/>
<property name="java.specification.vendor" value="Oracle Corporation"/>
<property name="java.specification.version" value="17"/>
<property name="java.vendor" value="Oracle Corporation"/>
<property name="java.vendor.url" value="https://java.oracle.com/"/>
<property name="java.vendor.url.bug" value="https://bugreport.java.com/bugreport/"/>
<property name="java.vendor.version" value="Oracle GraalVM 17.0.12+8.1"/>
<property name="java.version" value="17.0.12"/>
<property name="java.version.date" value="2024-07-16"/>
<property name="java.vm.compressedOopsMode" value="32-bit"/>
<property name="java.vm.info" value="mixed mode, sharing"/>
<property name="java.vm.name" value="Java HotSpot(TM) 64-Bit Server VM"/>
<property name="java.vm.specification.name" value="Java Virtual Machine Specification"/>
<property name="java.vm.specification.vendor" value="Oracle Corporation"/>
<property name="java.vm.specification.version" value="17"/>
<property name="java.vm.vendor" value="Oracle Corporation"/>
<property name="java.vm.version" value="17.0.12+8-LTS-jvmci-23.0-b41"/>
<property name="jdk.debug" value="release"/>
<property name="jdk.internal.vm.ci.enabled" value="true"/>
<property name="junit.docs.version" value="1.11.0-M2"/>
<property name="line.separator" value="
"/>
<property name="native.encoding" value="UTF-8"/>
<property name="os.arch" value="amd64"/>
<property name="os.name" value="Windows 11"/>
<property name="os.version" value="10.0"/>
<property name="path.separator" value=";"/>
<property name="sun.arch.data.model" value="64"/>
<property name="sun.boot.library.path" value="C:\Users\user\.jdks\graalvm-jdk-17.0.12\bin"/>
<property name="sun.cpu.endian" value="little"/>
<property name="sun.cpu.isalist" value="amd64"/>
<property name="sun.io.unicode.encoding" value="UnicodeLittle"/>
<property name="sun.java.command" value="org.junit.platform.console.ConsoleLauncher --scan-class-path build/classes/java/main/funcTests --details tree --details-theme ascii --reports-dir=test-results/func-tests"/>
<property name="sun.java.launcher" value="SUN_STANDARD"/>
<property name="sun.jnu.encoding" value="UTF-8"/>
<property name="sun.management.compiler" value="HotSpot 64-Bit Tiered Compilers"/>
<property name="sun.os.patch.level" value=""/>
<property name="user.country" value="RU"/>
<property name="user.dir" value="E:\OPILab3"/>
<property name="user.home" value="C:\Users\user"/>
<property name="user.language" value="ru"/>
<property name="user.name" value="user"/>
<property name="user.script" value=""/>
<property name="user.timezone" value="Europe/Moscow"/>
<property name="user.variant" value=""/>
<property name="webdriver.chrome.driver" value="E:\OPILab3\drivers\chromedriver.exe"/>
</properties>
<testcase name="testHitFalse()" classname="funcTests.MainPageTests" time="3.173">
<system-out><![CDATA[
unique-id: [engine:junit-jupiter]/[class:funcTests.MainPageTests]/[method:testHitFalse()]
display-name: testHitFalse()
]]></system-out>
</testcase>
<testcase name="testLogout()" classname="funcTests.MainPageTests" time="2.159">
<system-out><![CDATA[
unique-id: [engine:junit-jupiter]/[class:funcTests.MainPageTests]/[method:testLogout()]
display-name: testLogout()
]]></system-out>
</testcase>
<testcase name="testEmptyPassword()" classname="funcTests.LoginPageTests" time="1.713">
<system-out><![CDATA[
unique-id: [engine:junit-jupiter]/[class:funcTests.LoginPageTests]/[method:testEmptyPassword()]
display-name: testEmptyPassword()
]]></system-out>
</testcase>
<testcase name="testHitByInputs()" classname="funcTests.MainPageTests" time="3.089">
<system-out><![CDATA[
unique-id: [engine:junit-jupiter]/[class:funcTests.MainPageTests]/[method:testHitByInputs()]
display-name: testHitByInputs()
]]></system-out>
</testcase>
<testcase name="testLoginFail()" classname="funcTests.LoginPageTests" time="2.122">
<system-out><![CDATA[
unique-id: [engine:junit-jupiter]/[class:funcTests.LoginPageTests]/[method:testLoginFail()]
display-name: testLoginFail()
]]></system-out>
</testcase>
<testcase name="testTooShortUsername()" classname="funcTests.RegisterPageTests" time="1.624">
<system-out><![CDATA[
unique-id: [engine:junit-jupiter]/[class:funcTests.RegisterPageTests]/[method:testTooShortUsername()]
display-name: testTooShortUsername()
]]></system-out>
</testcase>
<testcase name="testEmptyPassword()" classname="funcTests.RegisterPageTests" time="3.122">
<system-out><![CDATA[
unique-id: [engine:junit-jupiter]/[class:funcTests.RegisterPageTests]/[method:testEmptyPassword()]
display-name: testEmptyPassword()
]]></system-out>
</testcase>
<testcase name="testHitByClick()" classname="funcTests.MainPageTests" time="3.001">
<system-out><![CDATA[
unique-id: [engine:junit-jupiter]/[class:funcTests.MainPageTests]/[method:testHitByClick()]
display-name: testHitByClick()
]]></system-out>
</testcase>
<testcase name="testEmptyUsername()" classname="funcTests.RegisterPageTests" time="3.275">
<system-out><![CDATA[
unique-id: [engine:junit-jupiter]/[class:funcTests.RegisterPageTests]/[method:testEmptyUsername()]
display-name: testEmptyUsername()
]]></system-out>
</testcase>
<testcase name="testTooShortPassword()" classname="funcTests.RegisterPageTests" time="1.528">
<system-out><![CDATA[
unique-id: [engine:junit-jupiter]/[class:funcTests.RegisterPageTests]/[method:testTooShortPassword()]
display-name: testTooShortPassword()
]]></system-out>
</testcase>
<testcase name="testRegisterSuccess()" classname="funcTests.RegisterPageTests" time="2.821">
<system-out><![CDATA[
unique-id: [engine:junit-jupiter]/[class:funcTests.RegisterPageTests]/[method:testRegisterSuccess()]
display-name: testRegisterSuccess()
]]></system-out>
</testcase>
<testcase name="testEmptyUsername()" classname="funcTests.LoginPageTests" time="1.509">
<system-out><![CDATA[
unique-id: [engine:junit-jupiter]/[class:funcTests.LoginPageTests]/[method:testEmptyUsername()]
display-name: testEmptyUsername()
]]></system-out>
</testcase>
<testcase name="testTooShortUsername()" classname="funcTests.LoginPageTests" time="1.713">
<system-out><![CDATA[
unique-id: [engine:junit-jupiter]/[class:funcTests.LoginPageTests]/[method:testTooShortUsername()]
display-name: testTooShortUsername()
]]></system-out>
</testcase>
<testcase name="testLoginSuccess()" classname="funcTests.LoginPageTests" time="2.55">
<system-out><![CDATA[
unique-id: [engine:junit-jupiter]/[class:funcTests.LoginPageTests]/[method:testLoginSuccess()]
display-name: testLoginSuccess()
]]></system-out>
</testcase>
<testcase name="testTooShortPassword()" classname="funcTests.LoginPageTests" time="1.529">
<system-out><![CDATA[
unique-id: [engine:junit-jupiter]/[class:funcTests.LoginPageTests]/[method:testTooShortPassword()]
display-name: testTooShortPassword()
]]></system-out>
</testcase>
<testcase name="testRegisterFail()" classname="funcTests.RegisterPageTests" time="2.912">
<system-out><![CDATA[
unique-id: [engine:junit-jupiter]/[class:funcTests.RegisterPageTests]/[method:testRegisterFail()]
display-name: testRegisterFail()
]]></system-out>
</testcase>
<testcase name="testHitTrue()" classname="funcTests.MainPageTests" time="2.983">
<system-out><![CDATA[
unique-id: [engine:junit-jupiter]/[class:funcTests.MainPageTests]/[method:testHitTrue()]
display-name: testHitTrue()
]]></system-out>
</testcase>
<testcase name="testUnauthorizedUserAccess()" classname="funcTests.LoginPageTests" time="1.904">
<system-out><![CDATA[
unique-id: [engine:junit-jupiter]/[class:funcTests.LoginPageTests]/[method:testUnauthorizedUserAccess()]
display-name: testUnauthorizedUserAccess()
]]></system-out>
</testcase>
<system-out><![CDATA[
unique-id: [engine:junit-jupiter]
display-name: JUnit Jupiter
]]></system-out>
</testsuite>
